#
# There is insufficient memory for the Java Runtime Environment to continue.
# Native memory allocation (malloc) failed to allocate 967216 bytes for Chunk::new
# Possible reasons:
#   The system is out of physical RAM or swap space
#   The process is running with CompressedOops enabled, and the Java Heap may be blocking the growth of the native heap
# Possible solutions:
#   Reduce memory load on the system
#   Increase physical memory or swap space
#   Check if swap backing store is full
#   Decrease Java heap size (-Xmx/-Xms)
#   Decrease number of Java threads
#   Decrease Java thread stack sizes (-Xss)
#   Set larger code cache with -XX:ReservedCodeCacheSize=
#   JVM is running with Unscaled Compressed Oops mode in which the Java heap is
#     placed in the first 4GB address space. The Java Heap base address is the
#     maximum limit for the native heap growth. Please use -XX:HeapBaseMinAddress
#     to set the Java Heap base and to place the Java Heap above 4GB virtual address.
# This output file may be truncated or incomplete.
#
#  Out of Memory Error (t:/workspace/open/src/hotspot/share/memory/arena.cpp:197), pid=75324, tid=83120
#
# JRE version: Java(TM) SE Runtime Environment (11.0.6+8) (build 11.0.6+8-LTS)
# Java VM: Java HotSpot(TM) 64-Bit Server VM (11.0.6+8-LTS, mixed mode, tiered, compressed oops, g1 gc, windows-amd64)
# No core dump will be written. Minidumps are not enabled by default on client versions of Windows
#

---------------  S U M M A R Y ------------

Command Line: -Dfile.encoding=UTF-8 kr.ac.hansung.cse.HelloSpringBootApplication

Host: Intel(R) Core(TM) i5-8250U CPU @ 1.60GHz, 8 cores, 7G,  Windows 10 , 64 bit Build 18362 (10.0.18362.900)
Time: Fri Jun 26 21:07:47 2020 ¢¥eCN©öI¡¾©ö C¡ÍA¨ª¨öA elapsed time: 2 seconds (0d 0h 0m 2s)

---------------  T H R E A D  ---------------

Current thread (0x000001d623835800):  JavaThread "C2 CompilerThread1" daemon [_thread_in_native, id=83120, stack(0x000000d327e00000,0x000000d327f00000)]


Current CompileTask:
C2:   2900 1754   !   4       java.net.URL::<init> (543 bytes)

Stack: [0x000000d327e00000,0x000000d327f00000]
Native frames: (J=compiled Java code, j=interpreted, Vv=VM code, C=native code)
V  [jvm.dll+0x63679a]
V  [jvm.dll+0x7755bf]
V  [jvm.dll+0x776c65]
V  [jvm.dll+0x7772d3]
V  [jvm.dll+0x25e7f8]
V  [jvm.dll+0xc1c01]
V  [jvm.dll+0xc219c]
V  [jvm.dll+0x2cf424]
V  [jvm.dll+0x552d3f]
V  [jvm.dll+0x21a49f]
V  [jvm.dll+0x2173d6]
V  [jvm.dll+0x193a2c]
V  [jvm.dll+0x226544]
V  [jvm.dll+0x224b28]
V  [jvm.dll+0x73a9c5]
V  [jvm.dll+0x733905]
V  [jvm.dll+0x635846]
C  [ucrtbase.dll+0x20e82]
C  [KERNEL32.DLL+0x17bd4]
C  [ntdll.dll+0x6ce51]


---------------  P R O C E S S  ---------------

Threads class SMR info:
_java_thread_list=0x000001d624163450, length=11, elements={
0x000001d6034b9800, 0x000001d622055800, 0x000001d62205f000, 0x000001d622954800,
0x000001d622956800, 0x000001d622958800, 0x000001d622991000, 0x000001d6229bd800,
0x000001d622aec800, 0x000001d622af0800, 0x000001d623835800
}

Java Threads: ( => current thread )
  0x000001d6034b9800 JavaThread "main" [_thread_in_native, id=70896, stack(0x000000d326c00000,0x000000d326d00000)]
  0x000001d622055800 JavaThread "Reference Handler" daemon [_thread_blocked, id=85716, stack(0x000000d327300000,0x000000d327400000)]
  0x000001d62205f000 JavaThread "Finalizer" daemon [_thread_blocked, id=76360, stack(0x000000d327400000,0x000000d327500000)]
  0x000001d622954800 JavaThread "Signal Dispatcher" daemon [_thread_blocked, id=67696, stack(0x000000d327500000,0x000000d327600000)]
  0x000001d622956800 JavaThread "Attach Listener" daemon [_thread_blocked, id=4196, stack(0x000000d327600000,0x000000d327700000)]
  0x000001d622958800 JavaThread "C2 CompilerThread0" daemon [_thread_in_native, id=32776, stack(0x000000d327700000,0x000000d327800000)]
  0x000001d622991000 JavaThread "C1 CompilerThread0" daemon [_thread_in_native, id=44164, stack(0x000000d327800000,0x000000d327900000)]
  0x000001d6229bd800 JavaThread "Sweeper thread" daemon [_thread_blocked, id=41064, stack(0x000000d327900000,0x000000d327a00000)]
  0x000001d622aec800 JavaThread "Service Thread" daemon [_thread_blocked, id=70000, stack(0x000000d327a00000,0x000000d327b00000)]
  0x000001d622af0800 JavaThread "Common-Cleaner" daemon [_thread_blocked, id=13624, stack(0x000000d327c00000,0x000000d327d00000)]
=>0x000001d623835800 JavaThread "C2 CompilerThread1" daemon [_thread_in_native, id=83120, stack(0x000000d327e00000,0x000000d327f00000)]

Other Threads:
  0x000001d622031000 VMThread "VM Thread" [stack: 0x000000d327200000,0x000000d327300000] [id=568]
  0x000001d622aef800 WatcherThread [stack: 0x000000d327b00000,0x000000d327c00000] [id=75732]
  0x000001d6034cd800 GCTaskThread "GC Thread#0" [stack: 0x000000d326d00000,0x000000d326e00000] [id=73120]
  0x000001d62346e800 GCTaskThread "GC Thread#1" [stack: 0x000000d327f00000,0x000000d328000000] [id=50652]
  0x000001d6234fe800 GCTaskThread "GC Thread#2" [stack: 0x000000d328000000,0x000000d328100000] [id=73656]
  0x000001d6234ff800 GCTaskThread "GC Thread#3" [stack: 0x000000d328100000,0x000000d328200000] [id=79068]
  0x000001d603501000 ConcurrentGCThread "G1 Main Marker" [stack: 0x000000d326e00000,0x000000d326f00000] [id=86556]
  0x000001d603506800 ConcurrentGCThread "G1 Conc#0" [stack: 0x000000d326f00000,0x000000d327000000] [id=85168]
  0x000001d623a45800 ConcurrentGCThread "G1 Conc#1" [stack: 0x000000d327d00000,0x000000d327e00000] [id=29536]
  0x000001d621e98800 ConcurrentGCThread "G1 Refine#0" [stack: 0x000000d327000000,0x000000d327100000] [id=46792]
  0x000001d621e9b800 ConcurrentGCThread "G1 Young RemSet Sampling" [stack: 0x000000d327100000,0x000000d327200000] [id=38932]

Threads with active compile tasks:
C2 CompilerThread01924       4       org.springframework.asm.ClassReader::readUtf (161 bytes)
C1 CompilerThread01930   !   3       sun.net.www.ParseUtil::decode (316 bytes)
C2 CompilerThread11754   !   4       java.net.URL::<init> (543 bytes)

VM state:not at safepoint (normal execution)

VM Mutex/Monitor currently owned by a thread: None

Heap address: 0x0000000082800000, size: 2008 MB, Compressed Oops mode: 32-bit
Narrow klass base: 0x0000000000000000, Narrow klass shift: 3
Compressed class space size: 1073741824 Address: 0x0000000100000000

Heap:
 garbage-first heap   total 129024K, used 28340K [0x0000000082800000, 0x0000000100000000)
  region size 1024K, 25 young (25600K), 2 survivors (2048K)
 Metaspace       used 23536K, capacity 24122K, committed 24448K, reserved 1071104K
  class space    used 2631K, capacity 2833K, committed 2944K, reserved 1048576K
Heap Regions: E=young(eden), S=young(survivor), O=old, HS=humongous(starts), HC=humongous(continues), CS=collection set, F=free, A=archive, TAMS=top-at-mark-start (previous, next)
|   0|0x0000000082800000, 0x0000000082900000, 0x0000000082900000|100%| O|  |TAMS 0x0000000082900000, 0x0000000082800000| Untracked 
|   1|0x0000000082900000, 0x0000000082a00000, 0x0000000082a00000|100%| O|  |TAMS 0x0000000082a00000, 0x0000000082900000| Untracked 
|   2|0x0000000082a00000, 0x0000000082b00000, 0x0000000082b00000|100%| O|  |TAMS 0x0000000082b00000, 0x0000000082a00000| Untracked 
|   3|0x0000000082b00000, 0x0000000082c00000, 0x0000000082c00000|100%| O|  |TAMS 0x0000000082c00000, 0x0000000082b00000| Untracked 
|   4|0x0000000082c00000, 0x0000000082c9e200, 0x0000000082d00000| 61%| O|  |TAMS 0x0000000082c9e200, 0x0000000082c00000| Untracked 
|   5|0x0000000082d00000, 0x0000000082d00000, 0x0000000082e00000|  0%| F|  |TAMS 0x0000000082d00000, 0x0000000082d00000| Untracked 
|   6|0x0000000082e00000, 0x0000000082e00000, 0x0000000082f00000|  0%| F|  |TAMS 0x0000000082e00000, 0x0000000082e00000| Untracked 
|   7|0x0000000082f00000, 0x0000000082f00000, 0x0000000083000000|  0%| F|  |TAMS 0x0000000082f00000, 0x0000000082f00000| Untracked 
|   8|0x0000000083000000, 0x0000000083000000, 0x0000000083100000|  0%| F|  |TAMS 0x0000000083000000, 0x0000000083000000| Untracked 
|   9|0x0000000083100000, 0x0000000083100000, 0x0000000083200000|  0%| F|  |TAMS 0x0000000083100000, 0x0000000083100000| Untracked 
|  10|0x0000000083200000, 0x0000000083200000, 0x0000000083300000|  0%| F|  |TAMS 0x0000000083200000, 0x0000000083200000| Untracked 
|  11|0x0000000083300000, 0x0000000083300000, 0x0000000083400000|  0%| F|  |TAMS 0x0000000083300000, 0x0000000083300000| Untracked 
|  12|0x0000000083400000, 0x0000000083400000, 0x0000000083500000|  0%| F|  |TAMS 0x0000000083400000, 0x0000000083400000| Untracked 
|  13|0x0000000083500000, 0x0000000083500000, 0x0000000083600000|  0%| F|  |TAMS 0x0000000083500000, 0x0000000083500000| Untracked 
|  14|0x0000000083600000, 0x0000000083600000, 0x0000000083700000|  0%| F|  |TAMS 0x0000000083600000, 0x0000000083600000| Untracked 
|  15|0x0000000083700000, 0x0000000083700000, 0x0000000083800000|  0%| F|  |TAMS 0x0000000083700000, 0x0000000083700000| Untracked 
|  16|0x0000000083800000, 0x0000000083800000, 0x0000000083900000|  0%| F|  |TAMS 0x0000000083800000, 0x0000000083800000| Untracked 
|  17|0x0000000083900000, 0x0000000083900000, 0x0000000083a00000|  0%| F|  |TAMS 0x0000000083900000, 0x0000000083900000| Untracked 
|  18|0x0000000083a00000, 0x0000000083a00000, 0x0000000083b00000|  0%| F|  |TAMS 0x0000000083a00000, 0x0000000083a00000| Untracked 
|  19|0x0000000083b00000, 0x0000000083b00000, 0x0000000083c00000|  0%| F|  |TAMS 0x0000000083b00000, 0x0000000083b00000| Untracked 
|  20|0x0000000083c00000, 0x0000000083c00000, 0x0000000083d00000|  0%| F|  |TAMS 0x0000000083c00000, 0x0000000083c00000| Untracked 
|  21|0x0000000083d00000, 0x0000000083d00000, 0x0000000083e00000|  0%| F|  |TAMS 0x0000000083d00000, 0x0000000083d00000| Untracked 
|  22|0x0000000083e00000, 0x0000000083e00000, 0x0000000083f00000|  0%| F|  |TAMS 0x0000000083e00000, 0x0000000083e00000| Untracked 
|  23|0x0000000083f00000, 0x0000000083f00000, 0x0000000084000000|  0%| F|  |TAMS 0x0000000083f00000, 0x0000000083f00000| Untracked 
|  24|0x0000000084000000, 0x0000000084000000, 0x0000000084100000|  0%| F|  |TAMS 0x0000000084000000, 0x0000000084000000| Untracked 
|  25|0x0000000084100000, 0x0000000084100000, 0x0000000084200000|  0%| F|  |TAMS 0x0000000084100000, 0x0000000084100000| Untracked 
|  26|0x0000000084200000, 0x0000000084200000, 0x0000000084300000|  0%| F|  |TAMS 0x0000000084200000, 0x0000000084200000| Untracked 
|  27|0x0000000084300000, 0x0000000084300000, 0x0000000084400000|  0%| F|  |TAMS 0x0000000084300000, 0x0000000084300000| Untracked 
|  28|0x0000000084400000, 0x0000000084400000, 0x0000000084500000|  0%| F|  |TAMS 0x0000000084400000, 0x0000000084400000| Untracked 
|  29|0x0000000084500000, 0x0000000084500000, 0x0000000084600000|  0%| F|  |TAMS 0x0000000084500000, 0x0000000084500000| Untracked 
|  30|0x0000000084600000, 0x0000000084600000, 0x0000000084700000|  0%| F|  |TAMS 0x0000000084600000, 0x0000000084600000| Untracked 
|  31|0x0000000084700000, 0x0000000084700000, 0x0000000084800000|  0%| F|  |TAMS 0x0000000084700000, 0x0000000084700000| Untracked 
|  32|0x0000000084800000, 0x0000000084800000, 0x0000000084900000|  0%| F|  |TAMS 0x0000000084800000, 0x0000000084800000| Untracked 
|  33|0x0000000084900000, 0x0000000084900000, 0x0000000084a00000|  0%| F|  |TAMS 0x0000000084900000, 0x0000000084900000| Untracked 
|  34|0x0000000084a00000, 0x0000000084a00000, 0x0000000084b00000|  0%| F|  |TAMS 0x0000000084a00000, 0x0000000084a00000| Untracked 
|  35|0x0000000084b00000, 0x0000000084b00000, 0x0000000084c00000|  0%| F|  |TAMS 0x0000000084b00000, 0x0000000084b00000| Untracked 
|  36|0x0000000084c00000, 0x0000000084c00000, 0x0000000084d00000|  0%| F|  |TAMS 0x0000000084c00000, 0x0000000084c00000| Untracked 
|  37|0x0000000084d00000, 0x0000000084d00000, 0x0000000084e00000|  0%| F|  |TAMS 0x0000000084d00000, 0x0000000084d00000| Untracked 
|  38|0x0000000084e00000, 0x0000000084e00000, 0x0000000084f00000|  0%| F|  |TAMS 0x0000000084e00000, 0x0000000084e00000| Untracked 
|  39|0x0000000084f00000, 0x0000000084f00000, 0x0000000085000000|  0%| F|  |TAMS 0x0000000084f00000, 0x0000000084f00000| Untracked 
|  40|0x0000000085000000, 0x0000000085000000, 0x0000000085100000|  0%| F|  |TAMS 0x0000000085000000, 0x0000000085000000| Untracked 
|  41|0x0000000085100000, 0x0000000085100000, 0x0000000085200000|  0%| F|  |TAMS 0x0000000085100000, 0x0000000085100000| Untracked 
|  42|0x0000000085200000, 0x0000000085200000, 0x0000000085300000|  0%| F|  |TAMS 0x0000000085200000, 0x0000000085200000| Untracked 
|  43|0x0000000085300000, 0x0000000085300000, 0x0000000085400000|  0%| F|  |TAMS 0x0000000085300000, 0x0000000085300000| Untracked 
|  44|0x0000000085400000, 0x0000000085400000, 0x0000000085500000|  0%| F|  |TAMS 0x0000000085400000, 0x0000000085400000| Untracked 
|  45|0x0000000085500000, 0x0000000085500000, 0x0000000085600000|  0%| F|  |TAMS 0x0000000085500000, 0x0000000085500000| Untracked 
|  46|0x0000000085600000, 0x0000000085600000, 0x0000000085700000|  0%| F|  |TAMS 0x0000000085600000, 0x0000000085600000| Untracked 
|  47|0x0000000085700000, 0x0000000085700000, 0x0000000085800000|  0%| F|  |TAMS 0x0000000085700000, 0x0000000085700000| Untracked 
|  48|0x0000000085800000, 0x0000000085800000, 0x0000000085900000|  0%| F|  |TAMS 0x0000000085800000, 0x0000000085800000| Untracked 
|  49|0x0000000085900000, 0x0000000085900000, 0x0000000085a00000|  0%| F|  |TAMS 0x0000000085900000, 0x0000000085900000| Untracked 
|  50|0x0000000085a00000, 0x0000000085a00000, 0x0000000085b00000|  0%| F|  |TAMS 0x0000000085a00000, 0x0000000085a00000| Untracked 
|  51|0x0000000085b00000, 0x0000000085b00000, 0x0000000085c00000|  0%| F|  |TAMS 0x0000000085b00000, 0x0000000085b00000| Untracked 
|  52|0x0000000085c00000, 0x0000000085c00000, 0x0000000085d00000|  0%| F|  |TAMS 0x0000000085c00000, 0x0000000085c00000| Untracked 
|  53|0x0000000085d00000, 0x0000000085d00000, 0x0000000085e00000|  0%| F|  |TAMS 0x0000000085d00000, 0x0000000085d00000| Untracked 
|  54|0x0000000085e00000, 0x0000000085e00000, 0x0000000085f00000|  0%| F|  |TAMS 0x0000000085e00000, 0x0000000085e00000| Untracked 
|  55|0x0000000085f00000, 0x0000000085f00000, 0x0000000086000000|  0%| F|  |TAMS 0x0000000085f00000, 0x0000000085f00000| Untracked 
|  56|0x0000000086000000, 0x0000000086000000, 0x0000000086100000|  0%| F|  |TAMS 0x0000000086000000, 0x0000000086000000| Untracked 
|  57|0x0000000086100000, 0x0000000086100000, 0x0000000086200000|  0%| F|  |TAMS 0x0000000086100000, 0x0000000086100000| Untracked 
|  58|0x0000000086200000, 0x0000000086200000, 0x0000000086300000|  0%| F|  |TAMS 0x0000000086200000, 0x0000000086200000| Untracked 
|  59|0x0000000086300000, 0x0000000086300000, 0x0000000086400000|  0%| F|  |TAMS 0x0000000086300000, 0x0000000086300000| Untracked 
|  60|0x0000000086400000, 0x0000000086400000, 0x0000000086500000|  0%| F|  |TAMS 0x0000000086400000, 0x0000000086400000| Untracked 
|  61|0x0000000086500000, 0x0000000086500000, 0x0000000086600000|  0%| F|  |TAMS 0x0000000086500000, 0x0000000086500000| Untracked 
|  62|0x0000000086600000, 0x0000000086600000, 0x0000000086700000|  0%| F|  |TAMS 0x0000000086600000, 0x0000000086600000| Untracked 
|  63|0x0000000086700000, 0x0000000086700000, 0x0000000086800000|  0%| F|  |TAMS 0x0000000086700000, 0x0000000086700000| Untracked 
|  64|0x0000000086800000, 0x0000000086800000, 0x0000000086900000|  0%| F|  |TAMS 0x0000000086800000, 0x0000000086800000| Untracked 
|  65|0x0000000086900000, 0x0000000086900000, 0x0000000086a00000|  0%| F|  |TAMS 0x0000000086900000, 0x0000000086900000| Untracked 
|  66|0x0000000086a00000, 0x0000000086a00000, 0x0000000086b00000|  0%| F|  |TAMS 0x0000000086a00000, 0x0000000086a00000| Untracked 
|  67|0x0000000086b00000, 0x0000000086b00000, 0x0000000086c00000|  0%| F|  |TAMS 0x0000000086b00000, 0x0000000086b00000| Untracked 
|  68|0x0000000086c00000, 0x0000000086c00000, 0x0000000086d00000|  0%| F|  |TAMS 0x0000000086c00000, 0x0000000086c00000| Untracked 
|  69|0x0000000086d00000, 0x0000000086d00000, 0x0000000086e00000|  0%| F|  |TAMS 0x0000000086d00000, 0x0000000086d00000| Untracked 
|  70|0x0000000086e00000, 0x0000000086e00000, 0x0000000086f00000|  0%| F|  |TAMS 0x0000000086e00000, 0x0000000086e00000| Untracked 
|  71|0x0000000086f00000, 0x0000000086f00000, 0x0000000087000000|  0%| F|  |TAMS 0x0000000086f00000, 0x0000000086f00000| Untracked 
|  72|0x0000000087000000, 0x0000000087000000, 0x0000000087100000|  0%| F|  |TAMS 0x0000000087000000, 0x0000000087000000| Untracked 
|  73|0x0000000087100000, 0x0000000087100000, 0x0000000087200000|  0%| F|  |TAMS 0x0000000087100000, 0x0000000087100000| Untracked 
|  74|0x0000000087200000, 0x0000000087200000, 0x0000000087300000|  0%| F|  |TAMS 0x0000000087200000, 0x0000000087200000| Untracked 
|  75|0x0000000087300000, 0x0000000087300000, 0x0000000087400000|  0%| F|  |TAMS 0x0000000087300000, 0x0000000087300000| Untracked 
|  76|0x0000000087400000, 0x0000000087400000, 0x0000000087500000|  0%| F|  |TAMS 0x0000000087400000, 0x0000000087400000| Untracked 
|  77|0x0000000087500000, 0x0000000087500000, 0x0000000087600000|  0%| F|  |TAMS 0x0000000087500000, 0x0000000087500000| Untracked 
|  78|0x0000000087600000, 0x0000000087600000, 0x0000000087700000|  0%| F|  |TAMS 0x0000000087600000, 0x0000000087600000| Untracked 
|  79|0x0000000087700000, 0x0000000087700000, 0x0000000087800000|  0%| F|  |TAMS 0x0000000087700000, 0x0000000087700000| Untracked 
|  80|0x0000000087800000, 0x0000000087800000, 0x0000000087900000|  0%| F|  |TAMS 0x0000000087800000, 0x0000000087800000| Untracked 
|  81|0x0000000087900000, 0x0000000087900000, 0x0000000087a00000|  0%| F|  |TAMS 0x0000000087900000, 0x0000000087900000| Untracked 
|  82|0x0000000087a00000, 0x0000000087a00000, 0x0000000087b00000|  0%| F|  |TAMS 0x0000000087a00000, 0x0000000087a00000| Untracked 
|  83|0x0000000087b00000, 0x0000000087b00000, 0x0000000087c00000|  0%| F|  |TAMS 0x0000000087b00000, 0x0000000087b00000| Untracked 
|  84|0x0000000087c00000, 0x0000000087c00000, 0x0000000087d00000|  0%| F|  |TAMS 0x0000000087c00000, 0x0000000087c00000| Untracked 
|  85|0x0000000087d00000, 0x0000000087d00000, 0x0000000087e00000|  0%| F|  |TAMS 0x0000000087d00000, 0x0000000087d00000| Untracked 
|  86|0x0000000087e00000, 0x0000000087e00000, 0x0000000087f00000|  0%| F|  |TAMS 0x0000000087e00000, 0x0000000087e00000| Untracked 
|  87|0x0000000087f00000, 0x0000000087f00000, 0x0000000088000000|  0%| F|  |TAMS 0x0000000087f00000, 0x0000000087f00000| Untracked 
|  88|0x0000000088000000, 0x0000000088000000, 0x0000000088100000|  0%| F|  |TAMS 0x0000000088000000, 0x0000000088000000| Untracked 
|  89|0x0000000088100000, 0x0000000088100000, 0x0000000088200000|  0%| F|  |TAMS 0x0000000088100000, 0x0000000088100000| Untracked 
|  90|0x0000000088200000, 0x0000000088200000, 0x0000000088300000|  0%| F|  |TAMS 0x0000000088200000, 0x0000000088200000| Untracked 
|  91|0x0000000088300000, 0x0000000088300000, 0x0000000088400000|  0%| F|  |TAMS 0x0000000088300000, 0x0000000088300000| Untracked 
|  92|0x0000000088400000, 0x0000000088400000, 0x0000000088500000|  0%| F|  |TAMS 0x0000000088400000, 0x0000000088400000| Untracked 
|  93|0x0000000088500000, 0x0000000088500000, 0x0000000088600000|  0%| F|  |TAMS 0x0000000088500000, 0x0000000088500000| Untracked 
|  94|0x0000000088600000, 0x0000000088600000, 0x0000000088700000|  0%| F|  |TAMS 0x0000000088600000, 0x0000000088600000| Untracked 
|  95|0x0000000088700000, 0x0000000088700000, 0x0000000088800000|  0%| F|  |TAMS 0x0000000088700000, 0x0000000088700000| Untracked 
|  96|0x0000000088800000, 0x0000000088800000, 0x0000000088900000|  0%| F|  |TAMS 0x0000000088800000, 0x0000000088800000| Untracked 
|  97|0x0000000088900000, 0x0000000088900000, 0x0000000088a00000|  0%| F|  |TAMS 0x0000000088900000, 0x0000000088900000| Untracked 
|  98|0x0000000088a00000, 0x0000000088a00000, 0x0000000088b00000|  0%| F|  |TAMS 0x0000000088a00000, 0x0000000088a00000| Untracked 
|  99|0x0000000088b00000, 0x0000000088b00000, 0x0000000088c00000|  0%| F|  |TAMS 0x0000000088b00000, 0x0000000088b00000| Untracked 
| 100|0x0000000088c00000, 0x0000000088c00000, 0x0000000088d00000|  0%| F|  |TAMS 0x0000000088c00000, 0x0000000088c00000| Untracked 
| 101|0x0000000088d00000, 0x0000000088d80800, 0x0000000088e00000| 50%| E|  |TAMS 0x0000000088d00000, 0x0000000088d00000| Complete 
| 102|0x0000000088e00000, 0x0000000088f00000, 0x0000000088f00000|100%| E|CS|TAMS 0x0000000088e00000, 0x0000000088e00000| Complete 
| 103|0x0000000088f00000, 0x0000000089000000, 0x0000000089000000|100%| E|CS|TAMS 0x0000000088f00000, 0x0000000088f00000| Complete 
| 104|0x0000000089000000, 0x0000000089100000, 0x0000000089100000|100%| E|CS|TAMS 0x0000000089000000, 0x0000000089000000| Complete 
| 105|0x0000000089100000, 0x0000000089200000, 0x0000000089200000|100%| E|CS|TAMS 0x0000000089100000, 0x0000000089100000| Complete 
| 106|0x0000000089200000, 0x0000000089300000, 0x0000000089300000|100%| E|CS|TAMS 0x0000000089200000, 0x0000000089200000| Complete 
| 107|0x0000000089300000, 0x0000000089400000, 0x0000000089400000|100%| E|CS|TAMS 0x0000000089300000, 0x0000000089300000| Complete 
| 108|0x0000000089400000, 0x0000000089500000, 0x0000000089500000|100%| E|CS|TAMS 0x0000000089400000, 0x0000000089400000| Complete 
| 109|0x0000000089500000, 0x0000000089600000, 0x0000000089600000|100%| E|CS|TAMS 0x0000000089500000, 0x0000000089500000| Complete 
| 110|0x0000000089600000, 0x0000000089700000, 0x0000000089700000|100%| E|CS|TAMS 0x0000000089600000, 0x0000000089600000| Complete 
| 111|0x0000000089700000, 0x0000000089800000, 0x0000000089800000|100%| E|CS|TAMS 0x0000000089700000, 0x0000000089700000| Complete 
| 112|0x0000000089800000, 0x0000000089900000, 0x0000000089900000|100%| E|CS|TAMS 0x0000000089800000, 0x0000000089800000| Complete 
| 113|0x0000000089900000, 0x0000000089a00000, 0x0000000089a00000|100%| E|CS|TAMS 0x0000000089900000, 0x0000000089900000| Complete 
| 114|0x0000000089a00000, 0x0000000089a0eef0, 0x0000000089b00000|  5%| S|CS|TAMS 0x0000000089a00000, 0x0000000089a00000| Complete 
| 115|0x0000000089b00000, 0x0000000089c00000, 0x0000000089c00000|100%| S|CS|TAMS 0x0000000089b00000, 0x0000000089b00000| Complete 
| 116|0x0000000089c00000, 0x0000000089d00000, 0x0000000089d00000|100%| E|CS|TAMS 0x0000000089c00000, 0x0000000089c00000| Complete 
| 117|0x0000000089d00000, 0x0000000089e00000, 0x0000000089e00000|100%| E|CS|TAMS 0x0000000089d00000, 0x0000000089d00000| Complete 
| 118|0x0000000089e00000, 0x0000000089f00000, 0x0000000089f00000|100%| E|CS|TAMS 0x0000000089e00000, 0x0000000089e00000| Complete 
| 119|0x0000000089f00000, 0x000000008a000000, 0x000000008a000000|100%| E|CS|TAMS 0x0000000089f00000, 0x0000000089f00000| Complete 
| 120|0x000000008a000000, 0x000000008a100000, 0x000000008a100000|100%| E|CS|TAMS 0x000000008a000000, 0x000000008a000000| Complete 
| 121|0x000000008a100000, 0x000000008a200000, 0x000000008a200000|100%| E|CS|TAMS 0x000000008a100000, 0x000000008a100000| Complete 
| 122|0x000000008a200000, 0x000000008a300000, 0x000000008a300000|100%| E|CS|TAMS 0x000000008a200000, 0x000000008a200000| Complete 
| 123|0x000000008a300000, 0x000000008a400000, 0x000000008a400000|100%| E|CS|TAMS 0x000000008a300000, 0x000000008a300000| Complete 
| 124|0x000000008a400000, 0x000000008a500000, 0x000000008a500000|100%| E|CS|TAMS 0x000000008a400000, 0x000000008a400000| Complete 
| 125|0x000000008a500000, 0x000000008a600000, 0x000000008a600000|100%| E|CS|TAMS 0x000000008a500000, 0x000000008a500000| Complete 

Card table byte_map: [0x000001d61af60000,0x000001d61b350000] _byte_map_base: 0x000001d61ab4c000

Marking Bits (Prev, Next): (CMBitMap*) 0x000001d6034f88c0, (CMBitMap*) 0x000001d6034f8888
 Prev Bits: [0x000001d61d6a0000, 0x000001d61f600000)
 Next Bits: [0x000001d61b740000, 0x000001d61d6a0000)

Polling page: 0x000001d6012f0000

Metaspace:

Usage:
  Non-class:     20.79 MB capacity,    20.46 MB ( 98%) used,   279.37 KB (  1%) free+waste,    61.38 KB ( <1%) overhead. 
      Class:      2.80 MB capacity,     2.58 MB ( 92%) used,   194.84 KB (  7%) free+waste,    30.38 KB (  1%) overhead. 
       Both:     23.59 MB capacity,    23.04 MB ( 98%) used,   474.21 KB (  2%) free+waste,    91.75 KB ( <1%) overhead. 

Virtual space:
  Non-class space:       22.00 MB reserved,      21.00 MB ( 95%) committed 
      Class space:        1.00 GB reserved,       2.88 MB ( <1%) committed 
             Both:        1.02 GB reserved,      23.88 MB (  2%) committed 

Chunk freelists:
   Non-Class:  2.88 KB
       Class:  1.88 KB
        Both:  4.75 KB

CodeHeap 'non-profiled nmethods': size=120000Kb used=752Kb max_used=752Kb free=119247Kb
 bounds [0x000001d613310000, 0x000001d613580000, 0x000001d61a840000]
CodeHeap 'profiled nmethods': size=120000Kb used=3844Kb max_used=3844Kb free=116155Kb
 bounds [0x000001d60bde0000, 0x000001d60c1b0000, 0x000001d613310000]
CodeHeap 'non-nmethods': size=5760Kb used=1116Kb max_used=1139Kb free=4643Kb
 bounds [0x000001d60b840000, 0x000001d60bab0000, 0x000001d60bde0000]
 total_blobs=2806 nmethods=1932 adapters=349
 compilation: enabled
              stopped_count=0, restarted_count=0
 full_count=0

Compilation events (10 events):
Event: 2.882 Thread 0x000001d622991000 1848       3       org.springframework.core.annotation.MergedAnnotationsCollection::isMappingForType (33 bytes)
Event: 2.882 Thread 0x000001d622991000 nmethod 1848 0x000001d60c170690 code [0x000001d60c170880, 0x000001d60c170c00]
Event: 2.883 Thread 0x000001d622991000 1849       1       org.springframework.core.annotation.MergedAnnotationsCollection::access$000 (5 bytes)
Event: 2.883 Thread 0x000001d622991000 nmethod 1849 0x000001d6133c2610 code [0x000001d6133c27c0, 0x000001d6133c28b8]
Event: 2.883 Thread 0x000001d622991000 1850       1       org.springframework.core.annotation.MergedAnnotationsCollection::access$200 (5 bytes)
Event: 2.883 Thread 0x000001d622991000 nmethod 1850 0x000001d6133c2990 code [0x000001d6133c2b40, 0x000001d6133c2c38]
Event: 2.883 Thread 0x000001d622991000 1851       3       java.util.HashMap::removeNode (291 bytes)
Event: 2.885 Thread 0x000001d622991000 nmethod 1851 0x000001d60c170d90 code [0x000001d60c171040, 0x000001d60c172340]
Event: 2.885 Thread 0x000001d622991000 1852       3       java.util.LinkedHashMap::<init> (10 bytes)
Event: 2.886 Thread 0x000001d622991000 nmethod 1852 0x000001d60c172810 code [0x000001d60c1729e0, 0x000001d60c172c58]

GC Heap History (6 events):
Event: 1.821 GC heap before
{Heap before GC invocations=0 (full 0):
 garbage-first heap   total 129024K, used 23552K [0x0000000082800000, 0x0000000100000000)
  region size 1024K, 24 young (24576K), 0 survivors (0K)
 Metaspace       used 14137K, capacity 14429K, committed 14592K, reserved 1062912K
  class space    used 1417K, capacity 1509K, committed 1536K, reserved 1048576K
}
Event: 1.828 GC heap after
{Heap after GC invocations=1 (full 0):
 garbage-first heap   total 129024K, used 4810K [0x0000000082800000, 0x0000000100000000)
  region size 1024K, 3 young (3072K), 3 survivors (3072K)
 Metaspace       used 14137K, capacity 14429K, committed 14592K, reserved 1062912K
  class space    used 1417K, capacity 1509K, committed 1536K, reserved 1048576K
}
Event: 2.218 GC heap before
{Heap before GC invocations=1 (full 0):
 garbage-first heap   total 129024K, used 24266K [0x0000000082800000, 0x0000000100000000)
  region size 1024K, 22 young (22528K), 3 survivors (3072K)
 Metaspace       used 18827K, capacity 19205K, committed 19328K, reserved 1067008K
  class space    used 1986K, capacity 2130K, committed 2176K, reserved 1048576K
}
Event: 2.226 GC heap after
{Heap after GC invocations=2 (full 0):
 garbage-first heap   total 129024K, used 5704K [0x0000000082800000, 0x0000000100000000)
  region size 1024K, 1 young (1024K), 1 survivors (1024K)
 Metaspace       used 18827K, capacity 19205K, committed 19328K, reserved 1067008K
  class space    used 1986K, capacity 2130K, committed 2176K, reserved 1048576K
}
Event: 2.432 GC heap before
{Heap before GC invocations=2 (full 0):
 garbage-first heap   total 129024K, used 14920K [0x0000000082800000, 0x0000000100000000)
  region size 1024K, 11 young (11264K), 1 survivors (1024K)
 Metaspace       used 20710K, capacity 21148K, committed 21248K, reserved 1069056K
  class space    used 2270K, capacity 2463K, committed 2560K, reserved 1048576K
}
Event: 2.435 GC heap after
{Heap after GC invocations=3 (full 0):
 garbage-first heap   total 129024K, used 5812K [0x0000000082800000, 0x0000000100000000)
  region size 1024K, 2 young (2048K), 2 survivors (2048K)
 Metaspace       used 20710K, capacity 21148K, committed 21248K, reserved 1069056K
  class space    used 2270K, capacity 2463K, committed 2560K, reserved 1048576K
}

Deoptimization events (10 events):
Event: 2.285 Thread 0x000001d6233f7000 Uncommon trap: reason=unstable_if action=reinterpret pc=0x000001d613394754 method=jdk.internal.org.objectweb.asm.Frame.push(Ljdk/internal/org/objectweb/asm/ClassWriter;Ljava/lang/String;)V @ 18 c2
Event: 2.441 Thread 0x000001d6034b9800 Uncommon trap: reason=unstable_if action=reinterpret pc=0x000001d6133690d0 method=java.util.HashMap.putVal(ILjava/lang/Object;Ljava/lang/Object;ZZ)Ljava/lang/Object; @ 181 c2
Event: 2.442 Thread 0x000001d6034b9800 Uncommon trap: reason=unstable_if action=reinterpret pc=0x000001d61337ffc0 method=java.util.HashMap.getNode(ILjava/lang/Object;)Ljava/util/HashMap$Node; @ 129 c2
Event: 2.442 Thread 0x000001d6034b9800 Uncommon trap: reason=unstable_if action=reinterpret pc=0x000001d61336b288 method=java.util.HashMap.getNode(ILjava/lang/Object;)Ljava/util/HashMap$Node; @ 129 c2
Event: 2.472 Thread 0x000001d6034b9800 Uncommon trap: reason=unstable_if action=reinterpret pc=0x000001d61333a92c method=java.util.HashMap.hash(Ljava/lang/Object;)I @ 1 c2
Event: 2.591 Thread 0x000001d6034b9800 Uncommon trap: reason=unstable_if action=reinterpret pc=0x000001d613390c78 method=java.util.concurrent.ConcurrentHashMap.addCount(JI)V @ 121 c2
Event: 2.611 Thread 0x000001d6034b9800 Uncommon trap: reason=unstable_if action=reinterpret pc=0x000001d613353d18 method=java.util.concurrent.ConcurrentHashMap.get(Ljava/lang/Object;)Ljava/lang/Object; @ 76 c2
Event: 2.665 Thread 0x000001d6034b9800 Uncommon trap: reason=unstable_if action=reinterpret pc=0x000001d613376a20 method=java.io.WinNTFileSystem.normalize(Ljava/lang/String;)Ljava/lang/String; @ 128 c2
Event: 2.665 Thread 0x000001d6034b9800 Uncommon trap: reason=unstable_if action=reinterpret pc=0x000001d6133362c8 method=java.util.zip.ZipFile$Source.getEntryPos([BZ)I @ 156 c2
Event: 2.736 Thread 0x000001d6034b9800 Uncommon trap: reason=unstable_if action=reinterpret pc=0x000001d6133a5e54 method=java.lang.String.<init>([CIILjava/lang/Void;)V @ 5 c2

Classes redefined (0 events):
No events

Internal exceptions (10 events):
Event: 2.625 Thread 0x000001d6034b9800 Exception <a 'java/lang/ClassNotFoundException'{0x000000008a051da0}: org/springframework/context/ResourceLoaderAwareCustomizer> (0x000000008a051da0) thrown at [t:/workspace/open/src/hotspot/share/classfile/systemDictionary.cpp, line 231]
Event: 2.625 Thread 0x000001d6034b9800 Exception <a 'java/lang/ClassNotFoundException'{0x000000008a059458}: org/springframework/beans/factory/AwareCustomizer> (0x000000008a059458) thrown at [t:/workspace/open/src/hotspot/share/classfile/systemDictionary.cpp, line 231]
Event: 2.626 Thread 0x000001d6034b9800 Exception <a 'java/lang/ClassNotFoundException'{0x000000008a0605b0}: org/springframework/beans/factory/BeanClassLoaderAwareCustomizer> (0x000000008a0605b0) thrown at [t:/workspace/open/src/hotspot/share/classfile/systemDictionary.cpp, line 231]
Event: 2.626 Thread 0x000001d6034b9800 Exception <a 'java/lang/ClassNotFoundException'{0x000000008a067c80}: org/springframework/beans/factory/AwareCustomizer> (0x000000008a067c80) thrown at [t:/workspace/open/src/hotspot/share/classfile/systemDictionary.cpp, line 231]
Event: 2.627 Thread 0x000001d6034b9800 Exception <a 'java/lang/ClassNotFoundException'{0x000000008a06e638}: org/springframework/context/EnvironmentAwareCustomizer> (0x000000008a06e638) thrown at [t:/workspace/open/src/hotspot/share/classfile/systemDictionary.cpp, line 231]
Event: 2.627 Thread 0x000001d6034b9800 Exception <a 'java/lang/ClassNotFoundException'{0x000000008a075c58}: org/springframework/beans/factory/AwareCustomizer> (0x000000008a075c58) thrown at [t:/workspace/open/src/hotspot/share/classfile/systemDictionary.cpp, line 231]
Event: 2.719 Thread 0x000001d6034b9800 Exception <a 'java/lang/NoSuchMethodError'{0x0000000089d121d0}: java.lang.invoke.DirectMethodHandle$Holder.invokeSpecialIFC(Ljava/lang/Object;Ljava/lang/Object;Ljava/lang/Object;Ljava/lang/Object;)I> (0x0000000089d121d0) thrown at [t:/workspace/open/src/h
Event: 2.814 Thread 0x000001d6034b9800 Exception <a 'java/lang/IncompatibleClassChangeError'{0x000000008976c1a8}: Found class java.lang.Object, but interface was expected> (0x000000008976c1a8) thrown at [t:/workspace/open/src/hotspot/share/interpreter/linkResolver.cpp, line 838]
Event: 2.860 Thread 0x000001d6034b9800 Exception <a 'java/lang/NoSuchMethodError'{0x00000000896dd5c0}: java.lang.invoke.DirectMethodHandle$Holder.invokeStatic(Ljava/lang/Object;Ljava/lang/Object;Ljava/lang/Object;Ljava/lang/Object;)V> (0x00000000896dd5c0) thrown at [t:/workspace/open/src/hotsp
Event: 2.862 Thread 0x000001d6034b9800 Exception <a 'java/lang/NoSuchMethodError'{0x00000000896ea788}: java.lang.invoke.DirectMethodHandle$Holder.invokeInterface(Ljava/lang/Object;Ljava/lang/Object;Ljava/lang/Object;Ljava/lang/Object;)V> (0x00000000896ea788) thrown at [t:/workspace/open/src/ho

Events (10 events):
Event: 2.882 loading class io/undertow/websockets/jsr/Bootstrap
Event: 2.882 loading class io/undertow/websockets/jsr/Bootstrap done
Event: 2.883 loading class org/eclipse/jetty/websocket/jsr356/server/deploy/WebSocketServerContainerInitializer
Event: 2.883 loading class org/eclipse/jetty/websocket/jsr356/server/deploy/WebSocketServerContainerInitializer done
Event: 2.883 loading class org/apache/catalina/startup/Tomcat
Event: 2.883 loading class org/apache/catalina/startup/Tomcat done
Event: 2.886 loading class org/apache/tomcat/websocket/server/WsSci
Event: 2.886 loading class org/apache/tomcat/websocket/server/WsSci done
Event: 2.887 loading class javax/servlet/ServletContainerInitializer
Event: 2.887 loading class javax/servlet/ServletContainerInitializer done


Dynamic libraries:
0x00007ff7e55d0000 - 0x00007ff7e5617000 	C:\Program Files\Java\jdk-11.0.6\bin\javaw.exe
0x00007ffc0f980000 - 0x00007ffc0fb70000 	C:\WINDOWS\SYSTEM32\ntdll.dll
0x00007ffc0e4f0000 - 0x00007ffc0e5a2000 	C:\WINDOWS\System32\KERNEL32.DLL
0x00007ffc0cb70000 - 0x00007ffc0ce14000 	C:\WINDOWS\System32\KERNELBASE.dll
0x00007ffc0e710000 - 0x00007ffc0e7b3000 	C:\WINDOWS\System32\ADVAPI32.dll
0x00007ffc0f000000 - 0x00007ffc0f09e000 	C:\WINDOWS\System32\msvcrt.dll
0x00007ffc0ee80000 - 0x00007ffc0ef17000 	C:\WINDOWS\System32\sechost.dll
0x00007ffc0ed60000 - 0x00007ffc0ee80000 	C:\WINDOWS\System32\RPCRT4.dll
0x00007ffc0e2f0000 - 0x00007ffc0e484000 	C:\WINDOWS\System32\USER32.dll
0x00007ffc0d040000 - 0x00007ffc0d061000 	C:\WINDOWS\System32\win32u.dll
0x00007ffc0efd0000 - 0x00007ffc0eff6000 	C:\WINDOWS\System32\GDI32.dll
0x00007ffc0d7f0000 - 0x00007ffc0d985000 	C:\WINDOWS\System32\gdi32full.dll
0x00007ffc0cfa0000 - 0x00007ffc0d03e000 	C:\WINDOWS\System32\msvcp_win.dll
0x00007ffc0ce20000 - 0x00007ffc0cf1a000 	C:\WINDOWS\System32\ucrtbase.dll
0x00007ffbfaab0000 - 0x00007ffbfad34000 	C:\WINDOWS\WinSxS\amd64_microsoft.windows.common-controls_6595b64144ccf1df_6.0.18362.900_none_e6beb9d913147d17\COMCTL32.dll
0x00007ffc0f0a0000 - 0x00007ffc0f3d5000 	C:\WINDOWS\System32\combase.dll
0x00007ffc0cf20000 - 0x00007ffc0cfa0000 	C:\WINDOWS\System32\bcryptPrimitives.dll
0x00007ffc02d80000 - 0x00007ffc02d8a000 	C:\WINDOWS\SYSTEM32\VERSION.dll
0x00007ffc0eb00000 - 0x00007ffc0eb2e000 	C:\WINDOWS\System32\IMM32.DLL
0x00007ffbf6f00000 - 0x00007ffbf6f16000 	C:\Program Files\Java\jdk-11.0.6\bin\vcruntime140.dll
0x00007ffbe0c40000 - 0x00007ffbe0cea000 	C:\Program Files\Java\jdk-11.0.6\bin\msvcp140.dll
0x00007ffbbce70000 - 0x00007ffbbd999000 	C:\Program Files\Java\jdk-11.0.6\bin\server\jvm.dll
0x00007ffc0e280000 - 0x00007ffc0e288000 	C:\WINDOWS\System32\PSAPI.DLL
0x00007ffbffd50000 - 0x00007ffbffd59000 	C:\WINDOWS\SYSTEM32\WSOCK32.dll
0x00007ffc0e7c0000 - 0x00007ffc0e82f000 	C:\WINDOWS\System32\WS2_32.dll
0x00007ffc02d90000 - 0x00007ffc02db4000 	C:\WINDOWS\SYSTEM32\WINMM.dll
0x00007ffc02d30000 - 0x00007ffc02d5d000 	C:\WINDOWS\SYSTEM32\WINMMBASE.dll
0x00007ffc0d9e0000 - 0x00007ffc0da2a000 	C:\WINDOWS\System32\cfgmgr32.dll
0x00007ffc0c8f0000 - 0x00007ffc0c901000 	C:\WINDOWS\System32\kernel.appcore.dll
0x00007ffbf6e00000 - 0x00007ffbf6e11000 	C:\Program Files\Java\jdk-11.0.6\bin\verify.dll
0x00007ffc0b150000 - 0x00007ffc0b344000 	C:\WINDOWS\SYSTEM32\DBGHELP.DLL
0x00007ffc05ed0000 - 0x00007ffc05efa000 	C:\WINDOWS\SYSTEM32\dbgcore.DLL
0x00007ffbf5880000 - 0x00007ffbf58a9000 	C:\Program Files\Java\jdk-11.0.6\bin\java.dll
0x00007ffbf3e70000 - 0x00007ffbf3e86000 	C:\Program Files\Java\jdk-11.0.6\bin\zip.dll
0x00007ffc07660000 - 0x00007ffc0766a000 	C:\Program Files\Java\jdk-11.0.6\bin\jimage.dll
0x00007ffc0db90000 - 0x00007ffc0e276000 	C:\WINDOWS\System32\SHELL32.dll
0x00007ffc0e830000 - 0x00007ffc0e8d9000 	C:\WINDOWS\System32\shcore.dll
0x00007ffc0d070000 - 0x00007ffc0d7f0000 	C:\WINDOWS\System32\windows.storage.dll
0x00007ffc0c850000 - 0x00007ffc0c873000 	C:\WINDOWS\System32\profapi.dll
0x00007ffc0c8a0000 - 0x00007ffc0c8ea000 	C:\WINDOWS\System32\powrprof.dll
0x00007ffc0c840000 - 0x00007ffc0c850000 	C:\WINDOWS\System32\UMPDC.dll
0x00007ffc0eaa0000 - 0x00007ffc0eaf2000 	C:\WINDOWS\System32\shlwapi.dll
0x00007ffc0d990000 - 0x00007ffc0d9a7000 	C:\WINDOWS\System32\cryptsp.dll
0x00007ffbf3e50000 - 0x00007ffbf3e69000 	C:\Program Files\Java\jdk-11.0.6\bin\net.dll
0x00007ffc0a470000 - 0x00007ffc0a560000 	C:\WINDOWS\SYSTEM32\WINHTTP.dll
0x00007ffc0c050000 - 0x00007ffc0c0b7000 	C:\WINDOWS\system32\mswsock.dll
0x00007ffbf2350000 - 0x00007ffbf2363000 	C:\Program Files\Java\jdk-11.0.6\bin\nio.dll
0x00007ffc05f90000 - 0x00007ffc05f99000 	C:\Program Files\Java\jdk-11.0.6\bin\management.dll
0x00007ffc05f80000 - 0x00007ffc05f8c000 	C:\Program Files\Java\jdk-11.0.6\bin\management_ext.dll
0x00007ffbfce20000 - 0x00007ffbfce36000 	C:\WINDOWS\system32\napinsp.dll
0x00007ffbfa4d0000 - 0x00007ffbfa4ea000 	C:\WINDOWS\system32\pnrpnsp.dll
0x00007ffc0bda0000 - 0x00007ffc0be6b000 	C:\WINDOWS\SYSTEM32\DNSAPI.dll
0x00007ffc0ea90000 - 0x00007ffc0ea98000 	C:\WINDOWS\System32\NSI.dll
0x00007ffc0bd60000 - 0x00007ffc0bd9a000 	C:\WINDOWS\SYSTEM32\IPHLPAPI.DLL
0x00007ffbfa4c0000 - 0x00007ffbfa4ce000 	C:\WINDOWS\System32\winrnr.dll
0x00007ffc05fa0000 - 0x00007ffc05fbc000 	C:\WINDOWS\system32\NLAapi.dll
0x00007ffc07b10000 - 0x00007ffc07b25000 	C:\WINDOWS\system32\wshbth.dll
0x00007ffc05a40000 - 0x00007ffc05a4a000 	C:\Windows\System32\rasadhlp.dll
0x00007ffc050c0000 - 0x00007ffc05137000 	C:\WINDOWS\System32\fwpuclnt.dll
0x00007ffc0d9b0000 - 0x00007ffc0d9d6000 	C:\WINDOWS\System32\bcrypt.dll

dbghelp: loaded successfully - version: 4.0.5 - missing functions: none
symbol engine: initialized successfully - sym options: 0x614 - pdb path: .;C:\Program Files\Java\jdk-11.0.6\bin;C:\WINDOWS\SYSTEM32;C:\WINDOWS\WinSxS\amd64_microsoft.windows.common-controls_6595b64144ccf1df_6.0.18362.900_none_e6beb9d913147d17;C:\Program Files\Java\jdk-11.0.6\bin\server

VM Arguments:
jvm_args: -Dfile.encoding=UTF-8 
java_command: kr.ac.hansung.cse.HelloSpringBootApplication
java_class_path (initial): C:\devWF\workspace\helloSpringBoot\target\classes;C:\Users\user\.m2\repository\org\springframework\boot\spring-boot-starter-thymeleaf\2.3.1.RELEASE\spring-boot-starter-thymeleaf-2.3.1.RELEASE.jar;C:\Users\user\.m2\repository\org\springframework\boot\spring-boot-starter\2.3.1.RELEASE\spring-boot-starter-2.3.1.RELEASE.jar;C:\Users\user\.m2\repository\org\springframework\boot\spring-boot\2.3.1.RELEASE\spring-boot-2.3.1.RELEASE.jar;C:\Users\user\.m2\repository\org\springframework\boot\spring-boot-autoconfigure\2.3.1.RELEASE\spring-boot-autoconfigure-2.3.1.RELEASE.jar;C:\Users\user\.m2\repository\org\springframework\boot\spring-boot-starter-logging\2.3.1.RELEASE\spring-boot-starter-logging-2.3.1.RELEASE.jar;C:\Users\user\.m2\repository\ch\qos\logback\logback-classic\1.2.3\logback-classic-1.2.3.jar;C:\Users\user\.m2\repository\ch\qos\logback\logback-core\1.2.3\logback-core-1.2.3.jar;C:\Users\user\.m2\repository\org\apache\logging\log4j\log4j-to-slf4j\2.13.3\log4j-to-slf4j-2.13.3.jar;C:\Users\user\.m2\repository\org\apache\logging\log4j\log4j-api\2.13.3\log4j-api-2.13.3.jar;C:\Users\user\.m2\repository\org\slf4j\jul-to-slf4j\1.7.30\jul-to-slf4j-1.7.30.jar;C:\Users\user\.m2\repository\jakarta\annotation\jakarta.annotation-api\1.3.5\jakarta.annotation-api-1.3.5.jar;C:\Users\user\.m2\repository\org\yaml\snakeyaml\1.26\snakeyaml-1.26.jar;C:\Users\user\.m2\repository\org\thymeleaf\thymeleaf-spring5\3.0.11.RELEASE\thymeleaf-spring5-3.0.11.RELEASE.jar;C:\Users\user\.m2\repository\org\thymeleaf\thymeleaf\3.0.11.RELEASE\thymeleaf-3.0.11.RELEASE.jar;C:\Users\user\.m2\repository\org\attoparser\attoparser\2.0.5.RELEASE\attoparser-2.0.5.RELEASE.jar;C:\Users\user\.m2\repository\org\unbescape\unbescape\1.1.6.RELEASE\unbescape-1.1.6.RELEASE.jar;C:\Users\user\.m2\repository\org\slf4j\slf4j-api\1.7.30\slf4j-api-1.7.30.jar;C:\Users\user\.m2\repository\org\thymeleaf\extras\thymeleaf-extras-java8time\3.0.4.RELEASE\thymeleaf-extras-java8time-3.0.4.RELEASE.jar;C:\Use
Launcher Type: SUN_STANDARD

[Global flags]
     intx CICompilerCount                          = 4                                         {product} {ergonomic}
     uint ConcGCThreads                            = 2                                         {product} {ergonomic}
     uint G1ConcRefinementThreads                  = 8                                         {product} {ergonomic}
   size_t G1HeapRegionSize                         = 1048576                                   {product} {ergonomic}
    uintx GCDrainStackTargetSize                   = 64                                        {product} {ergonomic}
   size_t InitialHeapSize                          = 132120576                                 {product} {ergonomic}
   size_t MarkStackSize                            = 4194304                                   {product} {ergonomic}
   size_t MaxHeapSize                              = 2105540608                                {product} {ergonomic}
   size_t MaxNewSize                               = 1262485504                                {product} {ergonomic}
   size_t MinHeapDeltaBytes                        = 1048576                                   {product} {ergonomic}
    uintx NonNMethodCodeHeapSize                   = 5836300                                {pd product} {ergonomic}
    uintx NonProfiledCodeHeapSize                  = 122910970                              {pd product} {ergonomic}
    uintx ProfiledCodeHeapSize                     = 122910970                              {pd product} {ergonomic}
    uintx ReservedCodeCacheSize                    = 251658240                              {pd product} {ergonomic}
     bool SegmentedCodeCache                       = true                                      {product} {ergonomic}
     bool UseCompressedClassPointers               = true                                 {lp64_product} {ergonomic}
     bool UseCompressedOops                        = true                                 {lp64_product} {ergonomic}
     bool UseG1GC                                  = true                                      {product} {ergonomic}
     bool UseLargePagesIndividualAllocation        = false                                  {pd product} {ergonomic}

Logging:
Log output configuration:
 #0: stdout all=warning uptime,level,tags
 #1: stderr all=off uptime,level,tags

Environment Variables:
JAVA_HOME=C:\Program Files\Java\jdk-11.0.4
CLASSPATH=C:\Program Files\Java\jdk-11.0.4\lib
PATH=C:\Program Files\Java\jdk-11.0.4\bin;C:\Program Files (x86)\Common Files\Oracle\Java\javapath;C:\app\user\product\11.2.0\dbhome_1\bin;.;C:\WINDOWS\system32;C:\WINDOWS;C:\WINDOWS\System32\Wbem;C:\WINDOWS\System32\WindowsPowerShell\v1.0\;C:\WINDOWS\System32\OpenSSH\;C:\Program Files\Intel\WiFi\bin\;C:\Program Files\Common Files\Intel\WirelessCommon\;C:\Program Files\MySQL\MySQL Server 8.0\bin;C:\Program Files\PuTTY\;C:\Program Files\Git\cmd;C:\Program Files\Tesseract-OCR;C:\Users\user\AppData\Local\Programs\Python\Python38\Scripts\;C:\Users\user\AppData\Local\Programs\Python\Python38\;C:\Android\sdk\emulator;C:\Android\sdk\platform-tools;C:\Android\sdk\tools;C:\Program Files\MySQL\MySQL Shell 8.0\bin\;C:\Users\user\AppData\Local\atom\bin;C:\Program Files\Bandizip\
USERNAME=user
OS=Windows_NT
PROCESSOR_IDENTIFIER=Intel64 Family 6 Model 142 Stepping 10, GenuineIntel



---------------  S Y S T E M  ---------------

OS: Windows 10 , 64 bit Build 18362 (10.0.18362.900)

CPU:total 8 (initial active 8) (4 cores per cpu, 2 threads per core) family 6 model 142 stepping 10, cmov, cx8, fxsr, mmx, sse, sse2, sse3, ssse3, sse4.1, sse4.2, popcnt, avx, avx2, aes, clmul, erms, 3dnowpref, lzcnt, ht, tsc, tscinvbit, bmi1, bmi2, adx, fma

Memory: 4k page, system-wide physical 8025M (1102M free)
TotalPageFile size 18488M (AvailPageFile size 5M)
current process WorkingSet (physical memory assigned to process): 113M, peak: 113M
current process commit charge ("private bytes"): 247M, peak: 247M

vm_info: Java HotSpot(TM) 64-Bit Server VM (11.0.6+8-LTS) for windows-amd64 JRE (11.0.6+8-LTS), built on Dec 11 2019 09:17:57 by "mach5one" with MS VC++ 15.5 (VS2017)

END.
