#
# There is insufficient memory for the Java Runtime Environment to continue.
# Native memory allocation (mmap) failed to map 132120576 bytes for Failed to commit area from 0x0000000082800000 to 0x000000008a600000 of length 132120576.
# Possible reasons:
#   The system is out of physical RAM or swap space
#   The process is running with CompressedOops enabled, and the Java Heap may be blocking the growth of the native heap
# Possible solutions:
#   Reduce memory load on the system
#   Increase physical memory or swap space
#   Check if swap backing store is full
#   Decrease Java heap size (-Xmx/-Xms)
#   Decrease number of Java threads
#   Decrease Java thread stack sizes (-Xss)
#   Set larger code cache with -XX:ReservedCodeCacheSize=
# This output file may be truncated or incomplete.
#
#  Out of Memory Error (t:/workspace/open/src/hotspot/os/windows/os_windows.cpp:3271), pid=82632, tid=17460
#
# JRE version:  (11.0.6+8) (build )
# Java VM: Java HotSpot(TM) 64-Bit Server VM (11.0.6+8-LTS, mixed mode, sharing, tiered, compressed oops, g1 gc, windows-amd64)
# No core dump will be written. Minidumps are not enabled by default on client versions of Windows
#

---------------  S U M M A R Y ------------

Command Line: -Dfile.encoding=UTF-8 kr.ac.hansung.cse.HelloSpringBootApplication

Host: Intel(R) Core(TM) i5-8250U CPU @ 1.60GHz, 8 cores, 7G,  Windows 10 , 64 bit Build 18362 (10.0.18362.900)
Time: Fri Jun 26 21:13:33 2020 ¢¥eCN©öI¡¾©ö C¡ÍA¨ª¨öA elapsed time: 0 seconds (0d 0h 0m 0s)

---------------  T H R E A D  ---------------

Current thread (0x00000279f64ee000):  JavaThread "Unknown thread" [_thread_in_vm, id=17460, stack(0x000000f65ff00000,0x000000f660000000)]

Stack: [0x000000f65ff00000,0x000000f660000000]
Native frames: (J=compiled Java code, j=interpreted, Vv=VM code, C=native code)
V  [jvm.dll+0x63679a]
V  [jvm.dll+0x7755bf]
V  [jvm.dll+0x776c65]
V  [jvm.dll+0x7772d3]
V  [jvm.dll+0x25e7f8]
V  [jvm.dll+0x633c4a]
V  [jvm.dll+0x628625]
V  [jvm.dll+0x314a7c]
V  [jvm.dll+0x314902]
V  [jvm.dll+0x31a176]
V  [jvm.dll+0x36650f]
V  [jvm.dll+0x365f30]
V  [jvm.dll+0x2f1a78]
V  [jvm.dll+0x2f2bf6]
V  [jvm.dll+0x74e707]
V  [jvm.dll+0x74fe7f]
V  [jvm.dll+0x373349]
V  [jvm.dll+0x734e5e]
V  [jvm.dll+0x3e2b5d]
V  [jvm.dll+0x3e4ef1]
C  [javaw.exe+0x3617]
C  [javaw.exe+0x17e2c]
C  [KERNEL32.DLL+0x17bd4]
C  [ntdll.dll+0x6ce51]


---------------  P R O C E S S  ---------------

Threads class SMR info:
_java_thread_list=0x00000279f440ab70, length=0, elements={
}

Java Threads: ( => current thread )

Other Threads:
  0x00000279f64fe800 GCTaskThread "GC Thread#0" [stack: 0x000000f660000000,0x000000f660100000] [id=68520]
  0x00000279f6531000 ConcurrentGCThread "G1 Main Marker" [stack: 0x000000f660100000,0x000000f660200000] [id=56524]
  0x00000279f6532800 ConcurrentGCThread "G1 Conc#0" [stack: 0x000000f660200000,0x000000f660300000] [id=34036]

[error occurred during error reporting (printing all threads), id 0xc0000005, EXCEPTION_ACCESS_VIOLATION (0xc0000005) at pc=0x00007ffbbd170207]

VM state:not at safepoint (not fully initialized)

VM Mutex/Monitor currently owned by a thread:  ([mutex/lock_event])
[0x00000279f64ebdb0] Heap_lock - owner thread: 0x00000279f64ee000

Heap address: 0x0000000082800000, size: 2008 MB, Compressed Oops mode: Non-zero based: 0x0000000082800000
Narrow klass base: 0x0000000000000000, Narrow klass shift: 0

GC Heap History (0 events):
No events

Deoptimization events (0 events):
No events

Classes redefined (0 events):
No events

Internal exceptions (0 events):
No events

Events (0 events):
No events


Dynamic libraries:
0x00007ff7e55d0000 - 0x00007ff7e5617000 	C:\Program Files\Java\jdk-11.0.6\bin\javaw.exe
0x00007ffc0f980000 - 0x00007ffc0fb70000 	C:\WINDOWS\SYSTEM32\ntdll.dll
0x00007ffc0e4f0000 - 0x00007ffc0e5a2000 	C:\WINDOWS\System32\KERNEL32.DLL
0x00007ffc0cb70000 - 0x00007ffc0ce14000 	C:\WINDOWS\System32\KERNELBASE.dll
0x00007ffc0e710000 - 0x00007ffc0e7b3000 	C:\WINDOWS\System32\ADVAPI32.dll
0x00007ffc0f000000 - 0x00007ffc0f09e000 	C:\WINDOWS\System32\msvcrt.dll
0x00007ffc0ee80000 - 0x00007ffc0ef17000 	C:\WINDOWS\System32\sechost.dll
0x00007ffc0ed60000 - 0x00007ffc0ee80000 	C:\WINDOWS\System32\RPCRT4.dll
0x00007ffc0e2f0000 - 0x00007ffc0e484000 	C:\WINDOWS\System32\USER32.dll
0x00007ffc0d040000 - 0x00007ffc0d061000 	C:\WINDOWS\System32\win32u.dll
0x00007ffc0efd0000 - 0x00007ffc0eff6000 	C:\WINDOWS\System32\GDI32.dll
0x00007ffc0d7f0000 - 0x00007ffc0d985000 	C:\WINDOWS\System32\gdi32full.dll
0x00007ffc0cfa0000 - 0x00007ffc0d03e000 	C:\WINDOWS\System32\msvcp_win.dll
0x00007ffc0ce20000 - 0x00007ffc0cf1a000 	C:\WINDOWS\System32\ucrtbase.dll
0x00007ffbfaab0000 - 0x00007ffbfad34000 	C:\WINDOWS\WinSxS\amd64_microsoft.windows.common-controls_6595b64144ccf1df_6.0.18362.900_none_e6beb9d913147d17\COMCTL32.dll
0x00007ffc0f0a0000 - 0x00007ffc0f3d5000 	C:\WINDOWS\System32\combase.dll
0x00007ffc02d80000 - 0x00007ffc02d8a000 	C:\WINDOWS\SYSTEM32\VERSION.dll
0x00007ffc0cf20000 - 0x00007ffc0cfa0000 	C:\WINDOWS\System32\bcryptPrimitives.dll
0x00007ffc0eb00000 - 0x00007ffc0eb2e000 	C:\WINDOWS\System32\IMM32.DLL
0x00007ffbf6f00000 - 0x00007ffbf6f16000 	C:\Program Files\Java\jdk-11.0.6\bin\vcruntime140.dll
0x00007ffbe0c40000 - 0x00007ffbe0cea000 	C:\Program Files\Java\jdk-11.0.6\bin\msvcp140.dll
0x00007ffbbce70000 - 0x00007ffbbd999000 	C:\Program Files\Java\jdk-11.0.6\bin\server\jvm.dll
0x00007ffc0e280000 - 0x00007ffc0e288000 	C:\WINDOWS\System32\PSAPI.DLL
0x00007ffbffd50000 - 0x00007ffbffd59000 	C:\WINDOWS\SYSTEM32\WSOCK32.dll
0x00007ffc02d90000 - 0x00007ffc02db4000 	C:\WINDOWS\SYSTEM32\WINMM.dll
0x00007ffc0e7c0000 - 0x00007ffc0e82f000 	C:\WINDOWS\System32\WS2_32.dll
0x00007ffc02d30000 - 0x00007ffc02d5d000 	C:\WINDOWS\SYSTEM32\winmmbase.dll
0x00007ffc0d9e0000 - 0x00007ffc0da2a000 	C:\WINDOWS\System32\cfgmgr32.dll
0x00007ffc0c8f0000 - 0x00007ffc0c901000 	C:\WINDOWS\System32\kernel.appcore.dll
0x00007ffbf6e00000 - 0x00007ffbf6e11000 	C:\Program Files\Java\jdk-11.0.6\bin\verify.dll
0x00007ffc0b150000 - 0x00007ffc0b344000 	C:\WINDOWS\SYSTEM32\DBGHELP.DLL
0x00007ffc05ed0000 - 0x00007ffc05efa000 	C:\WINDOWS\SYSTEM32\dbgcore.DLL
0x00007ffbf5880000 - 0x00007ffbf58a9000 	C:\Program Files\Java\jdk-11.0.6\bin\java.dll
0x00007ffbf3e70000 - 0x00007ffbf3e86000 	C:\Program Files\Java\jdk-11.0.6\bin\zip.dll
0x00007ffc07660000 - 0x00007ffc0766a000 	C:\Program Files\Java\jdk-11.0.6\bin\jimage.dll

dbghelp: loaded successfully - version: 4.0.5 - missing functions: none
symbol engine: initialized successfully - sym options: 0x614 - pdb path: .;C:\Program Files\Java\jdk-11.0.6\bin;C:\WINDOWS\SYSTEM32;C:\WINDOWS\WinSxS\amd64_microsoft.windows.common-controls_6595b64144ccf1df_6.0.18362.900_none_e6beb9d913147d17;C:\Program Files\Java\jdk-11.0.6\bin\server

VM Arguments:
jvm_args: -Dfile.encoding=UTF-8 
java_command: kr.ac.hansung.cse.HelloSpringBootApplication
java_class_path (initial): C:\devWF\workspace\helloSpringBoot\target\classes;C:\Users\user\.m2\repository\org\springframework\boot\spring-boot-starter-thymeleaf\2.3.1.RELEASE\spring-boot-starter-thymeleaf-2.3.1.RELEASE.jar;C:\Users\user\.m2\repository\org\springframework\boot\spring-boot-starter\2.3.1.RELEASE\spring-boot-starter-2.3.1.RELEASE.jar;C:\Users\user\.m2\repository\org\springframework\boot\spring-boot\2.3.1.RELEASE\spring-boot-2.3.1.RELEASE.jar;C:\Users\user\.m2\repository\org\springframework\boot\spring-boot-autoconfigure\2.3.1.RELEASE\spring-boot-autoconfigure-2.3.1.RELEASE.jar;C:\Users\user\.m2\repository\org\springframework\boot\spring-boot-starter-logging\2.3.1.RELEASE\spring-boot-starter-logging-2.3.1.RELEASE.jar;C:\Users\user\.m2\repository\ch\qos\logback\logback-classic\1.2.3\logback-classic-1.2.3.jar;C:\Users\user\.m2\repository\ch\qos\logback\logback-core\1.2.3\logback-core-1.2.3.jar;C:\Users\user\.m2\repository\org\apache\logging\log4j\log4j-to-slf4j\2.13.3\log4j-to-slf4j-2.13.3.jar;C:\Users\user\.m2\repository\org\apache\logging\log4j\log4j-api\2.13.3\log4j-api-2.13.3.jar;C:\Users\user\.m2\repository\org\slf4j\jul-to-slf4j\1.7.30\jul-to-slf4j-1.7.30.jar;C:\Users\user\.m2\repository\jakarta\annotation\jakarta.annotation-api\1.3.5\jakarta.annotation-api-1.3.5.jar;C:\Users\user\.m2\repository\org\yaml\snakeyaml\1.26\snakeyaml-1.26.jar;C:\Users\user\.m2\repository\org\thymeleaf\thymeleaf-spring5\3.0.11.RELEASE\thymeleaf-spring5-3.0.11.RELEASE.jar;C:\Users\user\.m2\repository\org\thymeleaf\thymeleaf\3.0.11.RELEASE\thymeleaf-3.0.11.RELEASE.jar;C:\Users\user\.m2\repository\org\attoparser\attoparser\2.0.5.RELEASE\attoparser-2.0.5.RELEASE.jar;C:\Users\user\.m2\repository\org\unbescape\unbescape\1.1.6.RELEASE\unbescape-1.1.6.RELEASE.jar;C:\Users\user\.m2\repository\org\slf4j\slf4j-api\1.7.30\slf4j-api-1.7.30.jar;C:\Users\user\.m2\repository\org\thymeleaf\extras\thymeleaf-extras-java8time\3.0.4.RELEASE\thymeleaf-extras-java8time-3.0.4.RELEASE.jar;C:\Use
Launcher Type: SUN_STANDARD

[Global flags]
     intx CICompilerCount                          = 4                                         {product} {ergonomic}
     uint ConcGCThreads                            = 2                                         {product} {ergonomic}
     uint G1ConcRefinementThreads                  = 8                                         {product} {ergonomic}
   size_t G1HeapRegionSize                         = 1048576                                   {product} {ergonomic}
    uintx GCDrainStackTargetSize                   = 64                                        {product} {ergonomic}
   size_t InitialHeapSize                          = 132120576                                 {product} {ergonomic}
   size_t MarkStackSize                            = 4194304                                   {product} {ergonomic}
   size_t MaxHeapSize                              = 2105540608                                {product} {ergonomic}
   size_t MinHeapDeltaBytes                        = 1048576                                   {product} {ergonomic}
    uintx NonNMethodCodeHeapSize                   = 5836300                                {pd product} {ergonomic}
    uintx NonProfiledCodeHeapSize                  = 122910970                              {pd product} {ergonomic}
    uintx ProfiledCodeHeapSize                     = 122910970                              {pd product} {ergonomic}
    uintx ReservedCodeCacheSize                    = 251658240                              {pd product} {ergonomic}
     bool SegmentedCodeCache                       = true                                      {product} {ergonomic}
     bool UseCompressedClassPointers               = true                                 {lp64_product} {ergonomic}
     bool UseCompressedOops                        = true                                 {lp64_product} {ergonomic}
     bool UseG1GC                                  = true                                      {product} {ergonomic}
     bool UseLargePagesIndividualAllocation        = false                                  {pd product} {ergonomic}

Logging:
Log output configuration:
 #0: stdout all=warning uptime,level,tags
 #1: stderr all=off uptime,level,tags

Environment Variables:
JAVA_HOME=C:\Program Files\Java\jdk-11.0.4
CLASSPATH=C:\Program Files\Java\jdk-11.0.4\lib
PATH=C:\Program Files\Java\jdk-11.0.4\bin;C:\Program Files (x86)\Common Files\Oracle\Java\javapath;C:\app\user\product\11.2.0\dbhome_1\bin;.;C:\WINDOWS\system32;C:\WINDOWS;C:\WINDOWS\System32\Wbem;C:\WINDOWS\System32\WindowsPowerShell\v1.0\;C:\WINDOWS\System32\OpenSSH\;C:\Program Files\Intel\WiFi\bin\;C:\Program Files\Common Files\Intel\WirelessCommon\;C:\Program Files\MySQL\MySQL Server 8.0\bin;C:\Program Files\PuTTY\;C:\Program Files\Git\cmd;C:\Program Files\Tesseract-OCR;C:\Users\user\AppData\Local\Programs\Python\Python38\Scripts\;C:\Users\user\AppData\Local\Programs\Python\Python38\;C:\Android\sdk\emulator;C:\Android\sdk\platform-tools;C:\Android\sdk\tools;C:\Program Files\MySQL\MySQL Shell 8.0\bin\;C:\Users\user\AppData\Local\atom\bin;C:\Program Files\Bandizip\
USERNAME=user
OS=Windows_NT
PROCESSOR_IDENTIFIER=Intel64 Family 6 Model 142 Stepping 10, GenuineIntel



---------------  S Y S T E M  ---------------

OS: Windows 10 , 64 bit Build 18362 (10.0.18362.900)

CPU:total 8 (initial active 8) (4 cores per cpu, 2 threads per core) family 6 model 142 stepping 10, cmov, cx8, fxsr, mmx, sse, sse2, sse3, ssse3, sse4.1, sse4.2, popcnt, avx, avx2, aes, clmul, erms, 3dnowpref, lzcnt, ht, tsc, tscinvbit, bmi1, bmi2, adx, fma

Memory: 4k page, system-wide physical 8025M (1107M free)
TotalPageFile size 18488M (AvailPageFile size 31M)
current process WorkingSet (physical memory assigned to process): 10M, peak: 10M
current process commit charge ("private bytes"): 60M, peak: 186M

vm_info: Java HotSpot(TM) 64-Bit Server VM (11.0.6+8-LTS) for windows-amd64 JRE (11.0.6+8-LTS), built on Dec 11 2019 09:17:57 by "mach5one" with MS VC++ 15.5 (VS2017)

END.
